<?xml version="1.0" encoding="UTF-8"?>
<testsuite name="cholog.AuthTest" tests="3" skipped="0" failures="0" errors="0" timestamp="2025-07-22T15:48:24" hostname="CP9Y10700K" time="0.782">
  <properties/>
  <testcase name="basicLogin()" classname="cholog.AuthTest" time="0.698"/>
  <testcase name="sessionLogin()" classname="cholog.AuthTest" time="0.031"/>
  <testcase name="tokenLogin()" classname="cholog.AuthTest" time="0.052"/>
  <system-out><![CDATA[17:48:23.867 [Test worker] INFO org.springframework.test.context.support.AnnotationConfigContextLoaderUtils -- Could not detect default configuration classes for test class [cholog.AuthTest]: AuthTest does not declare any static, non-private, non-final, nested classes annotated with @Configuration.
17:48:23.922 [Test worker] INFO org.springframework.boot.test.context.SpringBootTestContextBootstrapper -- Found @SpringBootConfiguration cholog.SpringAuthApplication for test class cholog.AuthTest

  .   ____          _            __ _ _
 /\\ / ___'_ __ _ _(_)_ __  __ _ \ \ \ \
( ( )\___ | '_ | '_| | '_ \/ _` | \ \ \ \
 \\/  ___)| |_)| | | | | || (_| |  ) ) ) )
  '  |____| .__|_| |_|_| |_\__, | / / / /
 =========|_|==============|___/=/_/_/_/

 :: Spring Boot ::                (v3.5.0)

2025-07-22T17:48:24.171+02:00  INFO 92918 --- [    Test worker] cholog.AuthTest                          : Starting AuthTest using Java 21.0.7 with PID 92918 (started by jieun.park.3 in /Users/jieun.park.3/Downloads/coding/general-spring-note/my_kotlin_spring-myrepo/spring-learning-test-with-kotlin/spring-auth-1/complete)
2025-07-22T17:48:24.172+02:00  INFO 92918 --- [    Test worker] cholog.AuthTest                          : No active profile set, falling back to 1 default profile: "default"
2025-07-22T17:48:24.698+02:00  INFO 92918 --- [    Test worker] o.s.b.w.embedded.tomcat.TomcatWebServer  : Tomcat initialized with port 0 (http)
2025-07-22T17:48:24.704+02:00  INFO 92918 --- [    Test worker] o.apache.catalina.core.StandardService   : Starting service [Tomcat]
2025-07-22T17:48:24.704+02:00  INFO 92918 --- [    Test worker] o.apache.catalina.core.StandardEngine    : Starting Servlet engine: [Apache Tomcat/10.1.41]
2025-07-22T17:48:24.724+02:00  INFO 92918 --- [    Test worker] o.a.c.c.C.[Tomcat].[localhost].[/]       : Initializing Spring embedded WebApplicationContext
2025-07-22T17:48:24.724+02:00  INFO 92918 --- [    Test worker] w.s.c.ServletWebServerApplicationContext : Root WebApplicationContext: initialization completed in 402 ms
2025-07-22T17:48:24.888+02:00  INFO 92918 --- [    Test worker] o.s.b.w.embedded.tomcat.TomcatWebServer  : Tomcat started on port 62583 (http) with context path '/'
2025-07-22T17:48:24.892+02:00  INFO 92918 --- [    Test worker] cholog.AuthTest                          : Started AuthTest in 0.887 seconds (process running for 1.543)
Request method:	GET
Request URI:	http://localhost:62583/members/me/basic
Proxy:			<none>
Request params:	<none>
Query params:	<none>
Form params:	<none>
Path params:	<none>
Headers:		Authorization=Basic ZW1haWxAZW1haWwuY29tOjEyMzQ=
				Accept=application/json
Cookies:		<none>
Multiparts:		<none>
Body:			<none>
2025-07-22T17:48:25.477+02:00  INFO 92918 --- [o-auto-1-exec-1] o.a.c.c.C.[Tomcat].[localhost].[/]       : Initializing Spring DispatcherServlet 'dispatcherServlet'
2025-07-22T17:48:25.477+02:00  INFO 92918 --- [o-auto-1-exec-1] o.s.web.servlet.DispatcherServlet        : Initializing Servlet 'dispatcherServlet'
2025-07-22T17:48:25.478+02:00  INFO 92918 --- [o-auto-1-exec-1] o.s.web.servlet.DispatcherServlet        : Completed initialization in 1 ms
HTTP/1.1 200 
Content-Type: application/json
Transfer-Encoding: chunked
Date: Tue, 22 Jul 2025 15:48:25 GMT
Keep-Alive: timeout=60
Connection: keep-alive

{
    "id": 1,
    "email": "email@email.com",
    "age": 10
}
Request method:	POST
Request URI:	http://localhost:62583/login/session
Proxy:			<none>
Request params:	email=email@email.com
				password=1234
Query params:	<none>
Form params:	<none>
Path params:	<none>
Headers:		Accept=*/*
				Content-Type=application/x-www-form-urlencoded; charset=ISO-8859-1
Cookies:		<none>
Multiparts:		<none>
Body:			<none>
HTTP/1.1 200 
Set-Cookie: JSESSIONID=E2736E137CD85AECE05AE483BBDC19E5; Path=/; HttpOnly
Content-Length: 0
Date: Tue, 22 Jul 2025 15:48:25 GMT
Keep-Alive: timeout=60
Connection: keep-alive
Request method:	GET
Request URI:	http://localhost:62583/members/me/session
Proxy:			<none>
Request params:	<none>
Query params:	<none>
Form params:	<none>
Path params:	<none>
Headers:		Cookie=JSESSIONID=E2736E137CD85AECE05AE483BBDC19E5
				Accept=application/json
Cookies:		<none>
Multiparts:		<none>
Body:			<none>
HTTP/1.1 200 
Content-Type: application/json
Transfer-Encoding: chunked
Date: Tue, 22 Jul 2025 15:48:25 GMT
Keep-Alive: timeout=60
Connection: keep-alive

{
    "id": 1,
    "email": "email@email.com",
    "age": 10
}
Request method:	POST
Request URI:	http://localhost:62583/login/token
Proxy:			<none>
Request params:	<none>
Query params:	<none>
Form params:	<none>
Path params:	<none>
Headers:		Accept=application/json
				Content-Type=application/json
Cookies:		<none>
Multiparts:		<none>
Body:
{
    "email": "email@email.com",
    "password": "1234"
}
HTTP/1.1 200 
Content-Type: application/json
Transfer-Encoding: chunked
Date: Tue, 22 Jul 2025 15:48:25 GMT
Keep-Alive: timeout=60
Connection: keep-alive

{
    "accessToken": "eyJhbGciOiJIUzI1NiJ9.eyJzdWIiOiJlbWFpbEBlbWFpbC5jb20iLCJpYXQiOjE3NTMxOTkzMDUsImV4cCI6MTc1MzIwMjkwNX0.02Sh42MxNxTuumwgD1AEMVaTK_yQuhvP6OYWEieBU1s"
}
Request method:	GET
Request URI:	http://localhost:62583/members/me/token
Proxy:			<none>
Request params:	<none>
Query params:	<none>
Form params:	<none>
Path params:	<none>
Headers:		Authorization=Bearer eyJhbGciOiJIUzI1NiJ9.eyJzdWIiOiJlbWFpbEBlbWFpbC5jb20iLCJpYXQiOjE3NTMxOTkzMDUsImV4cCI6MTc1MzIwMjkwNX0.02Sh42MxNxTuumwgD1AEMVaTK_yQuhvP6OYWEieBU1s
				Accept=application/json
Cookies:		<none>
Multiparts:		<none>
Body:			<none>
HTTP/1.1 200 
Content-Type: application/json
Transfer-Encoding: chunked
Date: Tue, 22 Jul 2025 15:48:25 GMT
Keep-Alive: timeout=60
Connection: keep-alive

{
    "id": 1,
    "email": "email@email.com",
    "age": 10
}
]]></system-out>
  <system-err><![CDATA[Mockito is currently self-attaching to enable the inline-mock-maker. This will no longer work in future releases of the JDK. Please add Mockito as an agent to your build as described in Mockito's documentation: https://javadoc.io/doc/org.mockito/mockito-core/latest/org.mockito/org/mockito/Mockito.html#0.3
WARNING: A Java agent has been loaded dynamically (/Users/jieun.park.3/.gradle/caches/modules-2/files-2.1/net.bytebuddy/byte-buddy-agent/1.17.5/58f9507f5f28d1d3e7adfb4ec2fe37c29d332c9b/byte-buddy-agent-1.17.5.jar)
WARNING: If a serviceability tool is in use, please run with -XX:+EnableDynamicAgentLoading to hide this warning
WARNING: If a serviceability tool is not in use, please run with -Djdk.instrument.traceUsage for more information
WARNING: Dynamic loading of agents will be disallowed by default in a future release
]]></system-err>
</testsuite>
